<?xml version="1.0" encoding="UTF-8"?>
<testsuite name="com.ilCarro.qa14.tests.LoginTests" tests="1" skipped="0" failures="0" errors="0" timestamp="2021-06-18T15:46:53" hostname="DESKTOP-IUFBD6U" time="1.618">
  <properties/>
  <testcase name="loginRegisteredUserPositiveTest" classname="com.ilCarro.qa14.tests.LoginTests" time="1.618"/>
  <system-out><![CDATA[17:46:53.499 [Test worker] INFO  com.ilCarro.qa14.tests.TestBase - Start test loginRegisteredUserPositiveTest with data: []
17:46:53.514 [Test worker] INFO  com.ilCarro.qa14.tests.TestBase - Start search By.cssSelector: [href='/signup']
17:46:53.568 [Test worker] INFO  com.ilCarro.qa14.tests.TestBase - By.cssSelector: [href='/signup']found. 
17:46:53.568 [Test worker] INFO  com.ilCarro.qa14.tests.TestBase - Start search By.xpath: //ul[@class='header__nav desktop']/li[5]
17:46:53.661 [Test worker] INFO  com.ilCarro.qa14.tests.TestBase - By.xpath: //ul[@class='header__nav desktop']/li[5]found. 
17:46:54.018 [Test worker] INFO  com.ilCarro.qa14.tests.TestBase - Start search By.cssSelector: [name='email']
17:46:54.039 [Test worker] INFO  com.ilCarro.qa14.tests.TestBase - By.cssSelector: [name='email']found. 
17:46:54.284 [Test worker] INFO  com.ilCarro.qa14.tests.TestBase - Start search By.cssSelector: [name='email']
17:46:54.299 [Test worker] INFO  com.ilCarro.qa14.tests.TestBase - By.cssSelector: [name='email']found. 
17:46:54.315 [Test worker] INFO  com.ilCarro.qa14.tests.TestBase - Start search By.cssSelector: [name='email']
17:46:54.331 [Test worker] INFO  com.ilCarro.qa14.tests.TestBase - By.cssSelector: [name='email']found. 
17:46:54.415 [Test worker] INFO  com.ilCarro.qa14.tests.TestBase - Start search By.name: password
17:46:54.431 [Test worker] INFO  com.ilCarro.qa14.tests.TestBase - By.name: passwordfound. 
17:46:54.685 [Test worker] INFO  com.ilCarro.qa14.tests.TestBase - Start search By.name: password
17:46:54.701 [Test worker] INFO  com.ilCarro.qa14.tests.TestBase - By.name: passwordfound. 
17:46:54.716 [Test worker] INFO  com.ilCarro.qa14.tests.TestBase - Start search By.name: password
17:46:54.732 [Test worker] INFO  com.ilCarro.qa14.tests.TestBase - By.name: passwordfound. 
17:46:54.785 [Test worker] INFO  com.ilCarro.qa14.tests.TestBase - Start search By.cssSelector: [type='submit']
17:46:54.801 [Test worker] INFO  com.ilCarro.qa14.tests.TestBase - By.cssSelector: [type='submit']found. 
17:46:55.053 [Test worker] INFO  com.ilCarro.qa14.tests.TestBase - Start search By.xpath: //a[contains(.,'logOut')]
17:46:55.186 [Test worker] INFO  com.ilCarro.qa14.tests.TestBase - By.xpath: //a[contains(.,'logOut')]found. 
17:46:55.186 [Test worker] INFO  com.ilCarro.qa14.tests.TestBase - PASSED: test method loginRegisteredUserPositiveTest
17:46:55.186 [Test worker] INFO  com.ilCarro.qa14.tests.TestBase - ====================================
]]></system-out>
  <system-err><![CDATA[]]></system-err>
</testsuite>
