<?xml version="1.0" encoding="UTF-8"?>
<testsuite name="com.ilCarro.qa14.tests.CreateAccountTest" tests="1" skipped="0" failures="0" errors="0" timestamp="2021-06-18T15:47:05" hostname="DESKTOP-IUFBD6U" time="2.495">
  <properties/>
  <testcase name="signUpTest" classname="com.ilCarro.qa14.tests.CreateAccountTest" time="2.495"/>
  <system-out><![CDATA[17:46:55.186 [Test worker] INFO  com.ilCarro.qa14.tests.TestBase - Start test signUpTest with data: []
17:46:55.186 [Test worker] INFO  com.ilCarro.qa14.tests.TestBase - Start search By.cssSelector: [href='/signup']
17:47:05.215 [Test worker] INFO  com.ilCarro.qa14.tests.TestBase - By.cssSelector: [href='/signup']found. 
17:47:05.215 [Test worker] INFO  com.ilCarro.qa14.tests.TestBase - Start search By.xpath: //a[contains(.,'logOut')]
17:47:05.231 [Test worker] INFO  com.ilCarro.qa14.tests.TestBase - By.xpath: //a[contains(.,'logOut')]found. 
17:47:05.532 [Test worker] INFO  com.ilCarro.qa14.tests.TestBase - Start search By.cssSelector: [href='/signup']
17:47:05.547 [Test worker] INFO  com.ilCarro.qa14.tests.TestBase - By.cssSelector: [href='/signup']found. 
17:47:05.880 [Test worker] INFO  com.ilCarro.qa14.tests.TestBase - Start search By.cssSelector: form.signup__fields
17:47:05.917 [Test worker] INFO  com.ilCarro.qa14.tests.TestBase - By.cssSelector: form.signup__fieldsfound. 
17:47:05.917 [Test worker] INFO  com.ilCarro.qa14.tests.TestBase - Start search By.cssSelector: #first_name
17:47:05.933 [Test worker] INFO  com.ilCarro.qa14.tests.TestBase - By.cssSelector: #first_namefound. 
17:47:06.171 [Test worker] INFO  com.ilCarro.qa14.tests.TestBase - Start search By.cssSelector: #first_name
17:47:06.186 [Test worker] INFO  com.ilCarro.qa14.tests.TestBase - By.cssSelector: #first_namefound. 
17:47:06.233 [Test worker] INFO  com.ilCarro.qa14.tests.TestBase - Start search By.cssSelector: #first_name
17:47:06.249 [Test worker] INFO  com.ilCarro.qa14.tests.TestBase - By.cssSelector: #first_namefound. 
17:47:06.280 [Test worker] INFO  com.ilCarro.qa14.tests.TestBase - Start search By.cssSelector: #second_name
17:47:06.302 [Test worker] INFO  com.ilCarro.qa14.tests.TestBase - By.cssSelector: #second_namefound. 
17:47:06.550 [Test worker] INFO  com.ilCarro.qa14.tests.TestBase - Start search By.cssSelector: #second_name
17:47:06.565 [Test worker] INFO  com.ilCarro.qa14.tests.TestBase - By.cssSelector: #second_namefound. 
17:47:06.581 [Test worker] INFO  com.ilCarro.qa14.tests.TestBase - Start search By.cssSelector: #second_name
17:47:06.603 [Test worker] INFO  com.ilCarro.qa14.tests.TestBase - By.cssSelector: #second_namefound. 
17:47:06.635 [Test worker] INFO  com.ilCarro.qa14.tests.TestBase - Start search By.cssSelector: #email
17:47:06.650 [Test worker] INFO  com.ilCarro.qa14.tests.TestBase - By.cssSelector: #emailfound. 
17:47:06.882 [Test worker] INFO  com.ilCarro.qa14.tests.TestBase - Start search By.cssSelector: #email
17:47:06.904 [Test worker] INFO  com.ilCarro.qa14.tests.TestBase - By.cssSelector: #emailfound. 
17:47:06.919 [Test worker] INFO  com.ilCarro.qa14.tests.TestBase - Start search By.cssSelector: #email
17:47:06.935 [Test worker] INFO  com.ilCarro.qa14.tests.TestBase - By.cssSelector: #emailfound. 
17:47:06.988 [Test worker] INFO  com.ilCarro.qa14.tests.TestBase - Start search By.cssSelector: #password
17:47:07.022 [Test worker] INFO  com.ilCarro.qa14.tests.TestBase - By.cssSelector: #passwordfound. 
17:47:07.266 [Test worker] INFO  com.ilCarro.qa14.tests.TestBase - Start search By.cssSelector: #password
17:47:07.282 [Test worker] INFO  com.ilCarro.qa14.tests.TestBase - By.cssSelector: #passwordfound. 
17:47:07.304 [Test worker] INFO  com.ilCarro.qa14.tests.TestBase - Start search By.cssSelector: #password
17:47:07.319 [Test worker] INFO  com.ilCarro.qa14.tests.TestBase - By.cssSelector: #passwordfound. 
17:47:07.350 [Test worker] INFO  com.ilCarro.qa14.tests.TestBase - Start search By.cssSelector: #check_policy
17:47:07.366 [Test worker] INFO  com.ilCarro.qa14.tests.TestBase - By.cssSelector: #check_policyfound. 
17:47:07.604 [Test worker] INFO  com.ilCarro.qa14.tests.TestBase - Start search By.cssSelector: [type='submit']
17:47:07.620 [Test worker] INFO  com.ilCarro.qa14.tests.TestBase - By.cssSelector: [type='submit']found. 
17:47:07.867 [Test worker] INFO  com.ilCarro.qa14.tests.TestBase - Start search By.cssSelector: .Login_login__right_block__1niYm
17:47:08.026 [Test worker] INFO  com.ilCarro.qa14.tests.TestBase - By.cssSelector: .Login_login__right_block__1niYmfound. 
17:47:08.029 [Test worker] INFO  com.ilCarro.qa14.tests.TestBase - PASSED: test method signUpTest
17:47:08.029 [Test worker] INFO  com.ilCarro.qa14.tests.TestBase - ====================================
]]></system-out>
  <system-err><![CDATA[]]></system-err>
</testsuite>
